<?xml version="1.0" encoding="utf-8"?><testsuites name="pytest tests"><testsuite name="pytest" errors="0" failures="0" skipped="0" tests="3" time="26.780" timestamp="2026-03-11T10:59:54.287721+00:00" hostname="agent-env-6bfb1082-a97c-4d96-b2fd-8a43087d0167"><testcase classname="backend.tests.test_document_extraction_regression" name="test_bulk_upload_pdf_detects_registration_number_and_answer_variants" time="1.930" /><testcase classname="backend.tests.test_document_extraction_regression" name="test_bulk_upload_pdf_parses_numbering_styles_1_and_ans" time="0.174" /><testcase classname="backend.tests.test_document_extraction_regression" name="test_llm_assist_flag_only_for_incomplete_extraction" time="24.495" /></testsuite></testsuites>