<?xml version="1.0" encoding="utf-8"?><testsuites name="pytest tests"><testsuite name="pytest" errors="0" failures="0" skipped="0" tests="10" time="20.855" timestamp="2026-03-11T10:09:36.406243+00:00" hostname="agent-env-6bfb1082-a97c-4d96-b2fd-8a43087d0167"><testcase classname="backend.tests.test_assignment_grading_api" name="test_auth_me_requires_token" time="2.812" /><testcase classname="backend.tests.test_assignment_grading_api" name="test_auth_me_success" time="0.702" /><testcase classname="backend.tests.test_assignment_grading_api" name="test_session_created_and_listed" time="0.054" /><testcase classname="backend.tests.test_assignment_grading_api" name="test_bulk_upload_txt_and_zip_and_job_progress" time="0.113" /><testcase classname="backend.tests.test_assignment_grading_api" name="test_submissions_listing_has_extracted_fields" time="0.068" /><testcase classname="backend.tests.test_assignment_grading_api" name="test_grading_job_gemini_completes" time="14.604" /><testcase classname="backend.tests.test_assignment_grading_api" name="test_grading_job_local_mode_completes" time="2.192" /><testcase classname="backend.tests.test_assignment_grading_api" name="test_manual_review_update_and_approve" time="0.115" /><testcase classname="backend.tests.test_assignment_grading_api" name="test_analytics_endpoint_response_shape" time="0.053" /><testcase classname="backend.tests.test_assignment_grading_api" name="test_excel_export_downloadable" time="0.111" /></testsuite></testsuites>